<?xml version="1.0" encoding="UTF-8"?>
<beans xmlns:xsi="http://www.w3.org/2001/XMLSchema-instance"
	   xmlns:cxf="http://cxf.apache.org/core"
	   xmlns="http://www.springframework.org/schema/beans"
	   xsi:schemaLocation="http://www.springframework.org/schema/beans http://www.springframework.org/schema/beans/spring-beans.xsd
	   		http://cxf.apache.org/core http://cxf.apache.org/schemas/core.xsd">


	<bean id="serviceLocationServiceClient"
		  class="com.viasat.internalservice.servicelocation.client.ServiceLocationServiceClient">
		<property name="configuration">
			<bean class="com.viasat.internalservice.servicelocation.client.TestConfiguration" />
		</property>
	</bean>

	<cxf:bus>
		<cxf:features>
			<cxf:logging />
		</cxf:features>
	</cxf:bus>
</beans>
